VastBrowser/app/build/intermediates/manifest_merge_blame_file/debug/processDebugMainManifest/manifest-merger-blame-debug-report.txt
1<?xml version="1.0" encoding="utf-8"?>
2<!--
3 This Source Code Form is subject to the terms of the Mozilla Public
4   - License, v. 2.0. If a copy of the MPL was not distributed with this
5   - file, You can obtain one at http://mozilla.org/MPL/2.0/.
6-->
7<manifest xmlns:android="http://schemas.android.com/apk/res/android"
8    package="org.mozilla.tv.firefox.debug"
9    android:versionCode="1"
10    android:versionName="1.0.0-mvp" >
11
12    <uses-sdk
13        android:minSdkVersion="26"
14        android:targetSdkVersion="34" />
15
16    <uses-permission android:name="android.permission.INTERNET" />
16-->src/main/AndroidManifest.xml:8:5-67
16-->src/main/AndroidManifest.xml:8:22-64
17    <uses-permission android:name="android.permission.ACCESS_NETWORK_STATE" />
17-->src/main/AndroidManifest.xml:9:5-79
17-->src/main/AndroidManifest.xml:9:22-76
18
19    <uses-feature
19-->src/main/AndroidManifest.xml:11:5-89
20        android:name="android.hardware.touchscreen"
20-->src/main/AndroidManifest.xml:11:19-62
21        android:required="false" />
21-->src/main/AndroidManifest.xml:11:63-87
22    <uses-feature
22-->src/main/AndroidManifest.xml:12:5-86
23        android:name="android.software.leanback"
23-->src/main/AndroidManifest.xml:12:19-59
24        android:required="true" />
24-->src/main/AndroidManifest.xml:12:60-83
25
26    <queries>
26-->[org.mozilla.components:support-ktx:150.0.2] AndroidManifest.xml:12:5-18:15
27        <intent>
27-->[org.mozilla.components:support-ktx:150.0.2] AndroidManifest.xml:13:9-17:18
28            <action android:name="android.intent.action.SEND" />
28-->[org.mozilla.components:support-ktx:150.0.2] AndroidManifest.xml:14:13-65
28-->[org.mozilla.components:support-ktx:150.0.2] AndroidManifest.xml:14:21-62
29
30            <data android:mimeType="text/plain" />
30-->src/main/AndroidManifest.xml:51:17-47
31        </intent>
32    </queries>
33    <!--
34    Adds the ability to discover apps that have matching <intent-filter> elements.
35    Needed for PackageManager.queryIntentActivities calls.
36    See https://developer.android.com/training/package-visibility/declaring for more details.
37    -->
38    <uses-permission android:name="android.permission.QUERY_ALL_PACKAGES" />
38-->[org.mozilla.components:support-utils:150.0.2] AndroidManifest.xml:18:5-20:77
38-->[org.mozilla.components:support-utils:150.0.2] AndroidManifest.xml:19:9-61
39    <uses-permission android:name="android.permission.POST_NOTIFICATIONS" />
39-->[org.mozilla.components:support-base:150.0.2] AndroidManifest.xml:12:5-77
39-->[org.mozilla.components:support-base:150.0.2] AndroidManifest.xml:12:22-74
40    <uses-permission android:name="android.permission.WAKE_LOCK" />
40-->[androidx.work:work-runtime:2.11.1] AndroidManifest.xml:23:5-68
40-->[androidx.work:work-runtime:2.11.1] AndroidManifest.xml:23:22-65
41    <uses-permission android:name="android.permission.RECEIVE_BOOT_COMPLETED" />
41-->[androidx.work:work-runtime:2.11.1] AndroidManifest.xml:25:5-81
41-->[androidx.work:work-runtime:2.11.1] AndroidManifest.xml:25:22-78
42    <uses-permission android:name="android.permission.FOREGROUND_SERVICE" />
42-->[androidx.work:work-runtime:2.11.1] AndroidManifest.xml:26:5-77
42-->[androidx.work:work-runtime:2.11.1] AndroidManifest.xml:26:22-74
43
44    <permission
44-->[androidx.core:core:1.18.0] AndroidManifest.xml:22:5-24:47
45        android:name="org.mozilla.tv.firefox.debug.DYNAMIC_RECEIVER_NOT_EXPORTED_PERMISSION"
45-->[androidx.core:core:1.18.0] AndroidManifest.xml:23:9-81
46        android:protectionLevel="signature" />
46-->[androidx.core:core:1.18.0] AndroidManifest.xml:24:9-44
47
48    <uses-permission android:name="org.mozilla.tv.firefox.debug.DYNAMIC_RECEIVER_NOT_EXPORTED_PERMISSION" />
48-->[androidx.core:core:1.18.0] AndroidManifest.xml:26:5-97
48-->[androidx.core:core:1.18.0] AndroidManifest.xml:26:22-94
49    <uses-permission android:name="android.permission.REORDER_TASKS" />
49-->[androidx.test:core:1.7.0] AndroidManifest.xml:24:5-72
49-->[androidx.test:core:1.7.0] AndroidManifest.xml:24:22-69
50
51    <application
51-->src/main/AndroidManifest.xml:14:5-55:19
52        android:name="org.mozilla.tv.firefox.BrowserApplication"
52-->src/main/AndroidManifest.xml:15:9-43
53        android:allowBackup="false"
53-->src/main/AndroidManifest.xml:16:9-36
54        android:appComponentFactory="androidx.core.app.CoreComponentFactory"
54-->[androidx.core:core:1.18.0] AndroidManifest.xml:28:18-86
55        android:banner="@mipmap/ic_launcher"
55-->src/main/AndroidManifest.xml:17:9-45
56        android:debuggable="true"
57        android:extractNativeLibs="false"
58        android:icon="@mipmap/ic_launcher"
58-->src/main/AndroidManifest.xml:18:9-43
59        android:label="@string/app_name"
59-->src/main/AndroidManifest.xml:19:9-41
60        android:supportsRtl="true"
60-->src/main/AndroidManifest.xml:20:9-35
61        android:theme="@style/AppTheme"
61-->src/main/AndroidManifest.xml:21:9-40
62        android:usesCleartextTraffic="true" >
62-->src/main/AndroidManifest.xml:22:9-44
63        <activity
63-->src/main/AndroidManifest.xml:25:9-54:20
64            android:name="org.mozilla.tv.firefox.BrowserActivity"
64-->src/main/AndroidManifest.xml:25:19-50
65            android:configChanges="keyboard|keyboardHidden|mcc|mnc|orientation|screenSize|locale|layoutDirection|smallestScreenSize|screenLayout"
65-->src/main/AndroidManifest.xml:28:13-146
66            android:exported="true"
66-->src/main/AndroidManifest.xml:26:13-36
67            android:label="@string/app_name"
67-->src/main/AndroidManifest.xml:30:13-45
68            android:launchMode="singleTask"
68-->src/main/AndroidManifest.xml:27:13-44
69            android:windowSoftInputMode="adjustResize|stateAlwaysHidden" >
69-->src/main/AndroidManifest.xml:29:13-73
70
71            <!-- TV Leanback Launcher -->
72            <intent-filter>
72-->src/main/AndroidManifest.xml:33:13-37:29
73                <action android:name="android.intent.action.MAIN" />
73-->src/main/AndroidManifest.xml:34:17-69
73-->src/main/AndroidManifest.xml:34:25-66
74
75                <category android:name="android.intent.category.LEANBACK_LAUNCHER" />
75-->src/main/AndroidManifest.xml:35:17-86
75-->src/main/AndroidManifest.xml:35:27-83
76                <category android:name="android.intent.category.DEFAULT" />
76-->src/main/AndroidManifest.xml:36:17-75
76-->src/main/AndroidManifest.xml:36:27-73
77            </intent-filter>
78
79            <!-- Mobile Launcher (for non-TV testing) -->
80            <intent-filter>
80-->src/main/AndroidManifest.xml:40:13-44:29
81                <action android:name="android.intent.action.MAIN" />
81-->src/main/AndroidManifest.xml:34:17-69
81-->src/main/AndroidManifest.xml:34:25-66
82
83                <category android:name="android.intent.category.LAUNCHER" />
83-->src/main/AndroidManifest.xml:42:17-77
83-->src/main/AndroidManifest.xml:42:27-74
84                <category android:name="android.intent.category.DEFAULT" />
84-->src/main/AndroidManifest.xml:36:17-75
84-->src/main/AndroidManifest.xml:36:27-73
85            </intent-filter>
86
87            <!-- Browser Intent -->
88            <intent-filter>
88-->src/main/AndroidManifest.xml:47:13-53:29
89                <action android:name="android.intent.action.VIEW" />
89-->src/main/AndroidManifest.xml:48:17-69
89-->src/main/AndroidManifest.xml:48:25-66
90
91                <category android:name="android.intent.category.DEFAULT" />
91-->src/main/AndroidManifest.xml:36:17-75
91-->src/main/AndroidManifest.xml:36:27-73
92                <category android:name="android.intent.category.BROWSABLE" />
92-->src/main/AndroidManifest.xml:50:17-78
92-->src/main/AndroidManifest.xml:50:27-75
93
94                <data android:scheme="http" />
94-->src/main/AndroidManifest.xml:51:17-47
94-->src/main/AndroidManifest.xml:51:23-44
95                <data android:scheme="https" />
95-->src/main/AndroidManifest.xml:51:17-47
95-->src/main/AndroidManifest.xml:51:23-44
96            </intent-filter>
97        </activity>
98
99        <provider
99-->[org.mozilla.components:support-utils:150.0.2] AndroidManifest.xml:31:9-39:20
100            android:name="mozilla.components.support.utils.provider.FileProvider"
100-->[org.mozilla.components:support-utils:150.0.2] AndroidManifest.xml:32:13-82
101            android:authorities="org.mozilla.tv.firefox.debug.feature.downloads.fileprovider"
101-->[org.mozilla.components:support-utils:150.0.2] AndroidManifest.xml:33:13-82
102            android:exported="false"
102-->[org.mozilla.components:support-utils:150.0.2] AndroidManifest.xml:34:13-37
103            android:grantUriPermissions="true" >
103-->[org.mozilla.components:support-utils:150.0.2] AndroidManifest.xml:35:13-47
104            <meta-data
104-->[org.mozilla.components:support-utils:150.0.2] AndroidManifest.xml:36:13-38:72
105                android:name="android.support.FILE_PROVIDER_PATHS"
105-->[org.mozilla.components:support-utils:150.0.2] AndroidManifest.xml:37:17-67
106                android:resource="@xml/feature_downloads_file_paths" />
106-->[org.mozilla.components:support-utils:150.0.2] AndroidManifest.xml:38:17-69
107        </provider>
108        <provider
108-->[androidx.work:work-runtime:2.11.1] AndroidManifest.xml:29:9-37:20
109            android:name="androidx.startup.InitializationProvider"
109-->[androidx.work:work-runtime:2.11.1] AndroidManifest.xml:30:13-67
110            android:authorities="org.mozilla.tv.firefox.debug.androidx-startup"
110-->[androidx.work:work-runtime:2.11.1] AndroidManifest.xml:31:13-68
111            android:exported="false" >
111-->[androidx.work:work-runtime:2.11.1] AndroidManifest.xml:32:13-37
112            <meta-data
112-->[androidx.work:work-runtime:2.11.1] AndroidManifest.xml:34:13-36:52
113                android:name="androidx.work.WorkManagerInitializer"
113-->[androidx.work:work-runtime:2.11.1] AndroidManifest.xml:35:17-68
114                android:value="androidx.startup" />
114-->[androidx.work:work-runtime:2.11.1] AndroidManifest.xml:36:17-49
115            <meta-data
115-->[androidx.emoji2:emoji2:1.4.0] AndroidManifest.xml:29:13-31:52
116                android:name="androidx.emoji2.text.EmojiCompatInitializer"
116-->[androidx.emoji2:emoji2:1.4.0] AndroidManifest.xml:30:17-75
117                android:value="androidx.startup" />
117-->[androidx.emoji2:emoji2:1.4.0] AndroidManifest.xml:31:17-49
118            <meta-data
118-->[androidx.lifecycle:lifecycle-process:2.10.0] AndroidManifest.xml:29:13-31:52
119                android:name="androidx.lifecycle.ProcessLifecycleInitializer"
119-->[androidx.lifecycle:lifecycle-process:2.10.0] AndroidManifest.xml:30:17-78
120                android:value="androidx.startup" />
120-->[androidx.lifecycle:lifecycle-process:2.10.0] AndroidManifest.xml:31:17-49
121            <meta-data
121-->[androidx.profileinstaller:profileinstaller:1.4.0] AndroidManifest.xml:29:13-31:52
122                android:name="androidx.profileinstaller.ProfileInstallerInitializer"
122-->[androidx.profileinstaller:profileinstaller:1.4.0] AndroidManifest.xml:30:17-85
123                android:value="androidx.startup" />
123-->[androidx.profileinstaller:profileinstaller:1.4.0] AndroidManifest.xml:31:17-49
124        </provider>
125
126        <service
126-->[androidx.work:work-runtime:2.11.1] AndroidManifest.xml:39:9-45:35
127            android:name="androidx.work.impl.background.systemjob.SystemJobService"
127-->[androidx.work:work-runtime:2.11.1] AndroidManifest.xml:40:13-84
128            android:directBootAware="false"
128-->[androidx.work:work-runtime:2.11.1] AndroidManifest.xml:41:13-44
129            android:enabled="@bool/enable_system_job_service_default"
129-->[androidx.work:work-runtime:2.11.1] AndroidManifest.xml:42:13-70
130            android:exported="true"
130-->[androidx.work:work-runtime:2.11.1] AndroidManifest.xml:43:13-36
131            android:permission="android.permission.BIND_JOB_SERVICE" />
131-->[androidx.work:work-runtime:2.11.1] AndroidManifest.xml:44:13-69
132        <service
132-->[androidx.work:work-runtime:2.11.1] AndroidManifest.xml:46:9-52:35
133            android:name="androidx.work.impl.foreground.SystemForegroundService"
133-->[androidx.work:work-runtime:2.11.1] AndroidManifest.xml:47:13-81
134            android:directBootAware="false"
134-->[androidx.work:work-runtime:2.11.1] AndroidManifest.xml:48:13-44
135            android:enabled="@bool/enable_system_foreground_service_default"
135-->[androidx.work:work-runtime:2.11.1] AndroidManifest.xml:49:13-77
136            android:exported="false" />
136-->[androidx.work:work-runtime:2.11.1] AndroidManifest.xml:50:13-37
137
138        <receiver
138-->[androidx.work:work-runtime:2.11.1] AndroidManifest.xml:54:9-59:35
139            android:name="androidx.work.impl.utils.ForceStopRunnable$BroadcastReceiver"
139-->[androidx.work:work-runtime:2.11.1] AndroidManifest.xml:55:13-88
140            android:directBootAware="false"
140-->[androidx.work:work-runtime:2.11.1] AndroidManifest.xml:56:13-44
141            android:enabled="true"
141-->[androidx.work:work-runtime:2.11.1] AndroidManifest.xml:57:13-35
142            android:exported="false" />
142-->[androidx.work:work-runtime:2.11.1] AndroidManifest.xml:58:13-37
143        <receiver
143-->[androidx.work:work-runtime:2.11.1] AndroidManifest.xml:60:9-69:20
144            android:name="androidx.work.impl.background.systemalarm.RescheduleReceiver"
144-->[androidx.work:work-runtime:2.11.1] AndroidManifest.xml:61:13-88
145            android:directBootAware="false"
145-->[androidx.work:work-runtime:2.11.1] AndroidManifest.xml:62:13-44
146            android:enabled="false"
146-->[androidx.work:work-runtime:2.11.1] AndroidManifest.xml:63:13-36
147            android:exported="false" >
147-->[androidx.work:work-runtime:2.11.1] AndroidManifest.xml:64:13-37
148            <intent-filter>
148-->[androidx.work:work-runtime:2.11.1] AndroidManifest.xml:66:13-68:29
149                <action android:name="android.intent.action.BOOT_COMPLETED" />
149-->[androidx.work:work-runtime:2.11.1] AndroidManifest.xml:67:17-79
149-->[androidx.work:work-runtime:2.11.1] AndroidManifest.xml:67:25-76
150            </intent-filter>
151        </receiver>
152        <receiver
152-->[androidx.work:work-runtime:2.11.1] AndroidManifest.xml:70:9-80:20
153            android:name="androidx.work.impl.diagnostics.DiagnosticsReceiver"
153-->[androidx.work:work-runtime:2.11.1] AndroidManifest.xml:71:13-78
154            android:directBootAware="false"
154-->[androidx.work:work-runtime:2.11.1] AndroidManifest.xml:72:13-44
155            android:enabled="true"
155-->[androidx.work:work-runtime:2.11.1] AndroidManifest.xml:73:13-35
156            android:exported="true"
156-->[androidx.work:work-runtime:2.11.1] AndroidManifest.xml:74:13-36
157            android:permission="android.permission.DUMP" >
157-->[androidx.work:work-runtime:2.11.1] AndroidManifest.xml:75:13-57
158            <intent-filter>
158-->[androidx.work:work-runtime:2.11.1] AndroidManifest.xml:77:13-79:29
159                <action android:name="androidx.work.diagnostics.REQUEST_DIAGNOSTICS" />
159-->[androidx.work:work-runtime:2.11.1] AndroidManifest.xml:78:17-88
159-->[androidx.work:work-runtime:2.11.1] AndroidManifest.xml:78:25-85
160            </intent-filter>
161        </receiver>
162
163        <uses-library
163-->[androidx.window:window:1.5.0] AndroidManifest.xml:23:9-25:40
164            android:name="androidx.window.extensions"
164-->[androidx.window:window:1.5.0] AndroidManifest.xml:24:13-54
165            android:required="false" />
165-->[androidx.window:window:1.5.0] AndroidManifest.xml:25:13-37
166        <uses-library
166-->[androidx.window:window:1.5.0] AndroidManifest.xml:26:9-28:40
167            android:name="androidx.window.sidecar"
167-->[androidx.window:window:1.5.0] AndroidManifest.xml:27:13-51
168            android:required="false" />
168-->[androidx.window:window:1.5.0] AndroidManifest.xml:28:13-37
169
170        <activity
170-->[androidx.test:core:1.7.0] AndroidManifest.xml:27:9-34:20
171            android:name="androidx.test.core.app.InstrumentationActivityInvoker$BootstrapActivity"
171-->[androidx.test:core:1.7.0] AndroidManifest.xml:28:13-99
172            android:exported="true"
172-->[androidx.test:core:1.7.0] AndroidManifest.xml:29:13-36
173            android:theme="@style/WhiteBackgroundTheme" >
173-->[androidx.test:core:1.7.0] AndroidManifest.xml:30:13-56
174            <intent-filter android:priority="-100" >
174-->[androidx.test:core:1.7.0] AndroidManifest.xml:31:13-33:29
174-->[androidx.test:core:1.7.0] AndroidManifest.xml:31:28-51
175                <category android:name="android.intent.category.LAUNCHER" />
175-->src/main/AndroidManifest.xml:42:17-77
175-->src/main/AndroidManifest.xml:42:27-74
176            </intent-filter>
177        </activity>
178        <activity
178-->[androidx.test:core:1.7.0] AndroidManifest.xml:35:9-42:20
179            android:name="androidx.test.core.app.InstrumentationActivityInvoker$EmptyActivity"
179-->[androidx.test:core:1.7.0] AndroidManifest.xml:36:13-95
180            android:exported="true"
180-->[androidx.test:core:1.7.0] AndroidManifest.xml:37:13-36
181            android:theme="@style/WhiteBackgroundTheme" >
181-->[androidx.test:core:1.7.0] AndroidManifest.xml:38:13-56
182            <intent-filter android:priority="-100" >
182-->[androidx.test:core:1.7.0] AndroidManifest.xml:31:13-33:29
182-->[androidx.test:core:1.7.0] AndroidManifest.xml:31:28-51
183                <category android:name="android.intent.category.LAUNCHER" />
183-->src/main/AndroidManifest.xml:42:17-77
183-->src/main/AndroidManifest.xml:42:27-74
184            </intent-filter>
185        </activity>
186        <activity
186-->[androidx.test:core:1.7.0] AndroidManifest.xml:43:9-50:20
187            android:name="androidx.test.core.app.InstrumentationActivityInvoker$EmptyFloatingActivity"
187-->[androidx.test:core:1.7.0] AndroidManifest.xml:44:13-103
188            android:exported="true"
188-->[androidx.test:core:1.7.0] AndroidManifest.xml:45:13-36
189            android:theme="@style/WhiteBackgroundDialogTheme" >
189-->[androidx.test:core:1.7.0] AndroidManifest.xml:46:13-62
190            <intent-filter android:priority="-100" >
190-->[androidx.test:core:1.7.0] AndroidManifest.xml:31:13-33:29
190-->[androidx.test:core:1.7.0] AndroidManifest.xml:31:28-51
191                <category android:name="android.intent.category.LAUNCHER" />
191-->src/main/AndroidManifest.xml:42:17-77
191-->src/main/AndroidManifest.xml:42:27-74
192            </intent-filter>
193        </activity>
194
195        <service
195-->[androidx.room:room-runtime-android:2.7.0] AndroidManifest.xml:24:9-28:63
196            android:name="androidx.room.MultiInstanceInvalidationService"
196-->[androidx.room:room-runtime-android:2.7.0] AndroidManifest.xml:25:13-74
197            android:directBootAware="true"
197-->[androidx.room:room-runtime-android:2.7.0] AndroidManifest.xml:26:13-43
198            android:exported="false" />
198-->[androidx.room:room-runtime-android:2.7.0] AndroidManifest.xml:27:13-37
199
200        <receiver
200-->[androidx.profileinstaller:profileinstaller:1.4.0] AndroidManifest.xml:34:9-52:20
201            android:name="androidx.profileinstaller.ProfileInstallReceiver"
201-->[androidx.profileinstaller:profileinstaller:1.4.0] AndroidManifest.xml:35:13-76
202            android:directBootAware="false"
202-->[androidx.profileinstaller:profileinstaller:1.4.0] AndroidManifest.xml:36:13-44
203            android:enabled="true"
203-->[androidx.profileinstaller:profileinstaller:1.4.0] AndroidManifest.xml:37:13-35
204            android:exported="true"
204-->[androidx.profileinstaller:profileinstaller:1.4.0] AndroidManifest.xml:38:13-36
205            android:permission="android.permission.DUMP" >
205-->[androidx.profileinstaller:profileinstaller:1.4.0] AndroidManifest.xml:39:13-57
206            <intent-filter>
206-->[androidx.profileinstaller:profileinstaller:1.4.0] AndroidManifest.xml:40:13-42:29
207                <action android:name="androidx.profileinstaller.action.INSTALL_PROFILE" />
207-->[androidx.profileinstaller:profileinstaller:1.4.0] AndroidManifest.xml:41:17-91
207-->[androidx.profileinstaller:profileinstaller:1.4.0] AndroidManifest.xml:41:25-88
208            </intent-filter>
209            <intent-filter>
209-->[androidx.profileinstaller:profileinstaller:1.4.0] AndroidManifest.xml:43:13-45:29
210                <action android:name="androidx.profileinstaller.action.SKIP_FILE" />
210-->[androidx.profileinstaller:profileinstaller:1.4.0] AndroidManifest.xml:44:17-85
210-->[androidx.profileinstaller:profileinstaller:1.4.0] AndroidManifest.xml:44:25-82
211            </intent-filter>
212            <intent-filter>
212-->[androidx.profileinstaller:profileinstaller:1.4.0] AndroidManifest.xml:46:13-48:29
213                <action android:name="androidx.profileinstaller.action.SAVE_PROFILE" />
213-->[androidx.profileinstaller:profileinstaller:1.4.0] AndroidManifest.xml:47:17-88
213-->[androidx.profileinstaller:profileinstaller:1.4.0] AndroidManifest.xml:47:25-85
214            </intent-filter>
215            <intent-filter>
215-->[androidx.profileinstaller:profileinstaller:1.4.0] AndroidManifest.xml:49:13-51:29
216                <action android:name="androidx.profileinstaller.action.BENCHMARK_OPERATION" />
216-->[androidx.profileinstaller:profileinstaller:1.4.0] AndroidManifest.xml:50:17-95
216-->[androidx.profileinstaller:profileinstaller:1.4.0] AndroidManifest.xml:50:25-92
217            </intent-filter>
218        </receiver>
219    </application>
220
221</manifest>